<?xml version="1.0" encoding="UTF-8"?>
<!-- Generated by org.testng.reporters.JUnitXMLReporter -->
<testsuite ignored="2" hostname="lin33005536" failures="0" tests="5" name="Car Loan" time="0.15" errors="0" timestamp="2025-01-17T00:49:28 IST">
  <testcase classname="com.learn.section16.day3" name="MobileLogincarLoan" time="0.002"/>
  <testcase classname="com.learn.section16.day3" name="MobilesignoutcarLoan" time="0.003"/>
  <testcase classname="com.learn.section16.day3" name="MobilesignoutcarLoan" time="0.001"/>
  <testcase classname="com.learn.section16.day3" name="MobilesignoutcarLoan" time="0.005"/>
  <testcase classname="com.learn.section16.day3" name="WebloginCarLoan" time="0.01"/>
  <testcase classname="com.learn.section16.day3" name="APIcarLoan" time="0.0">
    <ignored/>
  </testcase> <!-- APIcarLoan -->
  <testcase classname="com.learn.section16.day3" name="MobilesignimcarLoan" time="0.0">
    <ignored/>
  </testcase> <!-- MobilesignimcarLoan -->
</testsuite> <!-- Car Loan -->
