<?xml version="1.0" encoding="UTF-8"?>
<testng-results ignored="0" total="10" passed="9" failed="1" skipped="0">
  <reporter-output>
  </reporter-output>
  <suite started-at="2025-01-17T00:49:28 IST" name="Loan Department" finished-at="2025-01-17T00:49:28 IST" duration-ms="150">
    <groups>
      <group name="Smoke">
        <method signature="day2.ploan()[pri:0, instance:com.learn.section16.day2@48075da3]" name="ploan" class="com.learn.section16.day2"/>
        <method signature="day4.MobileLoginHomeLoan()[pri:0, instance:com.learn.section16.day4@68c9133c]" name="MobileLoginHomeLoan" class="com.learn.section16.day4"/>
        <method signature="day3.MobileLogincarLoan()[pri:0, instance:com.learn.section16.day3@43f02ef2]" name="MobileLogincarLoan" class="com.learn.section16.day3"/>
      </group> <!-- Smoke -->
    </groups>
    <test started-at="2025-01-17T00:49:28 IST" name="Personal loan" finished-at="2025-01-17T00:49:28 IST" duration-ms="142">
      <class name="com.learn.section16.day4">
        <test-method signature="LoginAPIHomeLoan()[pri:0, instance:com.learn.section16.day4@68c9133c]" started-at="2025-01-17T00:49:28 IST" name="LoginAPIHomeLoan" finished-at="2025-01-17T00:49:28 IST" duration-ms="3" status="PASS">
          <reporter-output>
          </reporter-output>
        </test-method> <!-- LoginAPIHomeLoan -->
        <test-method signature="MobileLoginHomeLoan()[pri:0, instance:com.learn.section16.day4@68c9133c]" started-at="2025-01-17T00:49:28 IST" name="MobileLoginHomeLoan" finished-at="2025-01-17T00:49:28 IST" duration-ms="4" status="PASS">
          <reporter-output>
          </reporter-output>
        </test-method> <!-- MobileLoginHomeLoan -->
        <test-method signature="WebloginHomeLoan(java.lang.String)[pri:0, instance:com.learn.section16.day4@68c9133c]" started-at="2025-01-17T00:49:28 IST" name="WebloginHomeLoan" finished-at="2025-01-17T00:49:28 IST" duration-ms="3" status="PASS">
          <params>
            <param index="0">
              <value>
                <![CDATA[personalloan.com]]>
              </value>
            </param>
          </params>
          <reporter-output>
          </reporter-output>
        </test-method> <!-- WebloginHomeLoan -->
      </class> <!-- com.learn.section16.day4 -->
      <class name="com.learn.section16.day2">
        <test-method is-config="true" signature="prerequiste()[pri:0, instance:com.learn.section16.day2@48075da3]" started-at="2025-01-17T00:49:28 IST" name="prerequiste" finished-at="2025-01-17T00:49:28 IST" duration-ms="1" status="PASS">
          <reporter-output>
          </reporter-output>
        </test-method> <!-- prerequiste -->
        <test-method signature="ploan()[pri:0, instance:com.learn.section16.day2@48075da3]" started-at="2025-01-17T00:49:28 IST" name="ploan" finished-at="2025-01-17T00:49:28 IST" duration-ms="2" status="PASS">
          <reporter-output>
          </reporter-output>
        </test-method> <!-- ploan -->
      </class> <!-- com.learn.section16.day2 -->
      <class name="com.learn.section16.day1">
        <test-method signature="Demo()[pri:0, instance:com.learn.section16.day1@3f191845]" started-at="2025-01-17T00:49:28 IST" name="Demo" finished-at="2025-01-17T00:49:28 IST" duration-ms="33" status="FAIL">
          <exception class="java.lang.AssertionError">
            <message>
              <![CDATA[expected [true] but found [false]]]>
            </message>
            <full-stacktrace>
              <![CDATA[java.lang.AssertionError: expected [true] but found [false]
at org.testng.Assert.fail(Assert.java:111)
at org.testng.Assert.failNotEquals(Assert.java:1578)
at org.testng.Assert.assertTrue(Assert.java:57)
at org.testng.Assert.assertTrue(Assert.java:67)
at com.learn.section16.day1.Demo(day1.java:22)
at java.base/jdk.internal.reflect.NativeMethodAccessorImpl.invoke0(Native Method)
at java.base/jdk.internal.reflect.NativeMethodAccessorImpl.invoke(NativeMethodAccessorImpl.java:77)
at java.base/jdk.internal.reflect.DelegatingMethodAccessorImpl.invoke(DelegatingMethodAccessorImpl.java:43)
at java.base/java.lang.reflect.Method.invoke(Method.java:568)
at org.testng.internal.invokers.MethodInvocationHelper.invokeMethod(MethodInvocationHelper.java:139)
at org.testng.internal.invokers.TestInvoker.invokeMethod(TestInvoker.java:664)
at org.testng.internal.invokers.TestInvoker.invokeTestMethod(TestInvoker.java:228)
at org.testng.internal.invokers.MethodRunner.runInSequence(MethodRunner.java:63)
at org.testng.internal.invokers.TestInvoker$MethodInvocationAgent.invoke(TestInvoker.java:961)
at org.testng.internal.invokers.TestInvoker.invokeTestMethods(TestInvoker.java:201)
at org.testng.internal.invokers.TestMethodWorker.invokeTestMethods(TestMethodWorker.java:148)
at org.testng.internal.invokers.TestMethodWorker.run(TestMethodWorker.java:128)
at java.base/java.util.ArrayList.forEach(ArrayList.java:1511)
at org.testng.TestRunner.privateRun(TestRunner.java:819)
at org.testng.TestRunner.run(TestRunner.java:619)
at org.testng.SuiteRunner.runTest(SuiteRunner.java:443)
at org.testng.SuiteRunner$SuiteWorker.run(SuiteRunner.java:481)
at org.testng.internal.thread.ThreadUtil.lambda$execute$0(ThreadUtil.java:58)
at java.base/java.util.concurrent.FutureTask.run(FutureTask.java:264)
at java.base/java.util.concurrent.ThreadPoolExecutor.runWorker(ThreadPoolExecutor.java:1136)
at java.base/java.util.concurrent.ThreadPoolExecutor$Worker.run(ThreadPoolExecutor.java:635)
at java.base/java.lang.Thread.run(Thread.java:833)
]]>
            </full-stacktrace>
          </exception> <!-- java.lang.AssertionError -->
          <reporter-output>
          </reporter-output>
        </test-method> <!-- Demo -->
        <test-method is-config="true" signature="lastexecution()[pri:0, instance:com.learn.section16.day1@3f191845]" started-at="2025-01-17T00:49:28 IST" name="lastexecution" finished-at="2025-01-17T00:49:28 IST" duration-ms="1" status="PASS">
          <reporter-output>
          </reporter-output>
        </test-method> <!-- lastexecution -->
      </class> <!-- com.learn.section16.day1 -->
    </test> <!-- Personal loan -->
    <test started-at="2025-01-17T00:49:28 IST" name="Car Loan" finished-at="2025-01-17T00:49:28 IST" duration-ms="150">
      <class name="com.learn.section16.day3">
        <test-method is-config="true" signature="Bfsuite()[pri:0, instance:com.learn.section16.day3@43f02ef2]" started-at="2025-01-17T00:49:28 IST" name="Bfsuite" finished-at="2025-01-17T00:49:28 IST" duration-ms="23" status="PASS">
          <reporter-output>
          </reporter-output>
        </test-method> <!-- Bfsuite -->
        <test-method is-config="true" signature="befoclas()[pri:0, instance:com.learn.section16.day3@43f02ef2]" started-at="2025-01-17T00:49:28 IST" name="befoclas" finished-at="2025-01-17T00:49:28 IST" duration-ms="0" status="PASS">
          <reporter-output>
          </reporter-output>
        </test-method> <!-- befoclas -->
        <test-method is-config="true" signature="beforeevery()[pri:0, instance:com.learn.section16.day3@43f02ef2]" started-at="2025-01-17T00:49:28 IST" name="beforeevery" finished-at="2025-01-17T00:49:28 IST" duration-ms="1" status="PASS">
          <reporter-output>
          </reporter-output>
        </test-method> <!-- beforeevery -->
        <test-method signature="MobileLogincarLoan()[pri:0, instance:com.learn.section16.day3@43f02ef2]" started-at="2025-01-17T00:49:28 IST" name="MobileLogincarLoan" finished-at="2025-01-17T00:49:28 IST" duration-ms="2" status="PASS">
          <reporter-output>
          </reporter-output>
        </test-method> <!-- MobileLogincarLoan -->
        <test-method is-config="true" signature="afterevery()[pri:0, instance:com.learn.section16.day3@43f02ef2]" started-at="2025-01-17T00:49:28 IST" name="afterevery" finished-at="2025-01-17T00:49:28 IST" duration-ms="1" status="PASS">
          <reporter-output>
          </reporter-output>
        </test-method> <!-- afterevery -->
        <test-method signature="MobilesignoutcarLoan(java.lang.String,java.lang.String)[pri:0, instance:com.learn.section16.day3@43f02ef2]" started-at="2025-01-17T00:49:28 IST" name="MobilesignoutcarLoan" data-provider="getData" finished-at="2025-01-17T00:49:28 IST" duration-ms="3" status="PASS">
          <params>
            <param index="0">
              <value>
                <![CDATA[firstsetusername]]>
              </value>
            </param>
            <param index="1">
              <value>
                <![CDATA[firstpassword]]>
              </value>
            </param>
          </params>
          <reporter-output>
          </reporter-output>
        </test-method> <!-- MobilesignoutcarLoan -->
        <test-method is-config="true" signature="beforeevery()[pri:0, instance:com.learn.section16.day3@43f02ef2]" started-at="2025-01-17T00:49:28 IST" name="beforeevery" finished-at="2025-01-17T00:49:28 IST" duration-ms="0" status="PASS">
          <reporter-output>
          </reporter-output>
        </test-method> <!-- beforeevery -->
        <test-method is-config="true" signature="afterevery()[pri:0, instance:com.learn.section16.day3@43f02ef2]" started-at="2025-01-17T00:49:28 IST" name="afterevery" finished-at="2025-01-17T00:49:28 IST" duration-ms="1" status="PASS">
          <reporter-output>
          </reporter-output>
        </test-method> <!-- afterevery -->
        <test-method is-config="true" signature="beforeevery()[pri:0, instance:com.learn.section16.day3@43f02ef2]" started-at="2025-01-17T00:49:28 IST" name="beforeevery" finished-at="2025-01-17T00:49:28 IST" duration-ms="1" status="PASS">
          <reporter-output>
          </reporter-output>
        </test-method> <!-- beforeevery -->
        <test-method signature="MobilesignoutcarLoan(java.lang.String,java.lang.String)[pri:0, instance:com.learn.section16.day3@43f02ef2]" started-at="2025-01-17T00:49:28 IST" name="MobilesignoutcarLoan" data-provider="getData" finished-at="2025-01-17T00:49:28 IST" duration-ms="1" status="PASS">
          <params>
            <param index="0">
              <value>
                <![CDATA[secondsetusername]]>
              </value>
            </param>
            <param index="1">
              <value>
                <![CDATA[secondpassword]]>
              </value>
            </param>
          </params>
          <reporter-output>
          </reporter-output>
        </test-method> <!-- MobilesignoutcarLoan -->
        <test-method is-config="true" signature="afterevery()[pri:0, instance:com.learn.section16.day3@43f02ef2]" started-at="2025-01-17T00:49:28 IST" name="afterevery" finished-at="2025-01-17T00:49:28 IST" duration-ms="1" status="PASS">
          <reporter-output>
          </reporter-output>
        </test-method> <!-- afterevery -->
        <test-method is-config="true" signature="beforeevery()[pri:0, instance:com.learn.section16.day3@43f02ef2]" started-at="2025-01-17T00:49:28 IST" name="beforeevery" finished-at="2025-01-17T00:49:28 IST" duration-ms="1" status="PASS">
          <reporter-output>
          </reporter-output>
        </test-method> <!-- beforeevery -->
        <test-method signature="MobilesignoutcarLoan(java.lang.String,java.lang.String)[pri:0, instance:com.learn.section16.day3@43f02ef2]" started-at="2025-01-17T00:49:28 IST" name="MobilesignoutcarLoan" data-provider="getData" finished-at="2025-01-17T00:49:28 IST" duration-ms="5" status="PASS">
          <params>
            <param index="0">
              <value>
                <![CDATA[thirdsetusername]]>
              </value>
            </param>
            <param index="1">
              <value>
                <![CDATA[thirdpassword]]>
              </value>
            </param>
          </params>
          <reporter-output>
          </reporter-output>
        </test-method> <!-- MobilesignoutcarLoan -->
        <test-method is-config="true" signature="afterevery()[pri:0, instance:com.learn.section16.day3@43f02ef2]" started-at="2025-01-17T00:49:28 IST" name="afterevery" finished-at="2025-01-17T00:49:28 IST" duration-ms="1" status="PASS">
          <reporter-output>
          </reporter-output>
        </test-method> <!-- afterevery -->
        <test-method is-config="true" signature="beforeevery()[pri:0, instance:com.learn.section16.day3@43f02ef2]" started-at="2025-01-17T00:49:28 IST" name="beforeevery" finished-at="2025-01-17T00:49:28 IST" duration-ms="1" status="PASS">
          <reporter-output>
          </reporter-output>
        </test-method> <!-- beforeevery -->
        <test-method signature="WebloginCarLoan(java.lang.String,java.lang.String)[pri:0, instance:com.learn.section16.day3@43f02ef2]" started-at="2025-01-17T00:49:28 IST" name="WebloginCarLoan" finished-at="2025-01-17T00:49:28 IST" duration-ms="10" status="PASS">
          <params>
            <param index="0">
              <value>
                <![CDATA[carloan.com]]>
              </value>
            </param>
            <param index="1">
              <value>
                <![CDATA[123456]]>
              </value>
            </param>
          </params>
          <reporter-output>
          </reporter-output>
        </test-method> <!-- WebloginCarLoan -->
        <test-method is-config="true" signature="afterevery()[pri:0, instance:com.learn.section16.day3@43f02ef2]" started-at="2025-01-17T00:49:28 IST" name="afterevery" finished-at="2025-01-17T00:49:28 IST" duration-ms="1" status="PASS">
          <reporter-output>
          </reporter-output>
        </test-method> <!-- afterevery -->
        <test-method is-config="true" signature="afteclas()[pri:0, instance:com.learn.section16.day3@43f02ef2]" started-at="2025-01-17T00:49:28 IST" name="afteclas" finished-at="2025-01-17T00:49:28 IST" duration-ms="0" status="PASS">
          <reporter-output>
          </reporter-output>
        </test-method> <!-- afteclas -->
      </class> <!-- com.learn.section16.day3 -->
      <class name="com.learn.section16.day1">
        <test-method is-config="true" signature="afSyite()[pri:0, instance:com.learn.section16.day1@3f191845]" started-at="2025-01-17T00:49:28 IST" name="afSyite" finished-at="2025-01-17T00:49:28 IST" duration-ms="1" status="PASS">
          <reporter-output>
          </reporter-output>
        </test-method> <!-- afSyite -->
      </class> <!-- com.learn.section16.day1 -->
    </test> <!-- Car Loan -->
  </suite> <!-- Loan Department -->
</testng-results>
