<?xml version="1.0" encoding="UTF-8"?>
<testng-results ignored="0" total="1" passed="1" failed="0" skipped="0">
  <reporter-output>
  </reporter-output>
  <suite started-at="2024-09-10T23:28:00 IST" name="Default suite" finished-at="2024-09-10T23:28:08 IST" duration-ms="7203">
    <groups>
    </groups>
    <test started-at="2024-09-10T23:28:00 IST" name="Default test" finished-at="2024-09-10T23:28:08 IST" duration-ms="7203">
      <class name="com.learn.Section8.base">
        <test-method signature="test1()[pri:0, instance:com.learn.Section8.base@2892d68]" started-at="2024-09-10T23:28:00 IST" name="test1" finished-at="2024-09-10T23:28:08 IST" duration-ms="7108" status="PASS">
          <reporter-output>
          </reporter-output>
        </test-method> <!-- test1 -->
      </class> <!-- com.learn.Section8.base -->
    </test> <!-- Default test -->
  </suite> <!-- Default suite -->
</testng-results>
